This is pdfTeX, Version 3.1415926-2.4-1.40.13 (MiKTeX 2.9 64-bit) (preloaded format=pdflatex 2013.8.23)  7 JAN 2014 00:30
entering extended mode
**eacl2014-SRL-draft3.tex
(C:\shafqat\PostDoc\SRL\Paper\EACL\eacl2014-SRL-draft3.tex
LaTeX2e <2011/06/27>
Babel <v3.8m> and hyphenation patterns for english, afrikaans, ancientgreek, ar
abic, armenian, assamese, basque, bengali, bokmal, bulgarian, catalan, coptic, 
croatian, czech, danish, dutch, esperanto, estonian, farsi, finnish, french, ga
lician, german, german-x-2012-05-30, greek, gujarati, hindi, hungarian, iceland
ic, indonesian, interlingua, irish, italian, kannada, kurmanji, latin, latvian,
 lithuanian, malayalam, marathi, mongolian, mongolianlmc, monogreek, ngerman, n
german-x-2012-05-30, nynorsk, oriya, panjabi, pinyin, polish, portuguese, roman
ian, russian, sanskrit, serbian, slovak, slovenian, spanish, swedish, swissgerm
an, tamil, telugu, turkish, turkmen, ukenglish, ukrainian, uppersorbian, usengl
ishmax, welsh, loaded.
("C:\Program Files\MiKTeX 2.9\tex\latex\base\article.cls"
Document Class: article 2007/10/19 v1.4h Standard LaTeX document class
("C:\Program Files\MiKTeX 2.9\tex\latex\base\size11.clo"
File: size11.clo 2007/10/19 v1.4h Standard LaTeX file (size option)
)
\c@part=\count79
\c@section=\count80
\c@subsection=\count81
\c@subsubsection=\count82
\c@paragraph=\count83
\c@subparagraph=\count84
\c@figure=\count85
\c@table=\count86
\abovecaptionskip=\skip41
\belowcaptionskip=\skip42
\bibindent=\dimen102
)
(C:\shafqat\PostDoc\SRL\Paper\EACL\eacl2014.sty
Conference Style for EACL 2014 -- released March 18, 2013
\titlebox=\skip43
) ("C:\Program Files\MiKTeX 2.9\tex\latex\psnfss\times.sty"
Package: times 2005/04/12 PSNFSS-v9.2a (SPQR) 
)
("C:\Program Files\MiKTeX 2.9\tex\latex\ltxmisc\url.sty"
\Urlmuskip=\muskip10
Package: url 2006/04/12  ver 3.3  Verb mode for urls, etc.
)
("C:\Program Files\MiKTeX 2.9\tex\latex\base\latexsym.sty"
Package: latexsym 1998/08/17 v2.2e Standard LaTeX package (lasy symbols)
\symlasy=\mathgroup4
LaTeX Font Info:    Overwriting symbol font `lasy' in version `bold'
(Font)                  U/lasy/m/n --> U/lasy/b/n on input line 47.
)
("C:\Program Files\MiKTeX 2.9\tex\latex\fancyvrb\fancyvrb.sty"
Package: fancyvrb 2008/02/07

Style option: `fancyvrb' v2.7a, with DG/SPQR fixes, and firstline=lastline fix 
<2008/02/07> (tvz) ("C:\Program Files\MiKTeX 2.9\tex\latex\graphics\keyval.sty"
Package: keyval 1999/03/16 v1.13 key=value parser (DPC)
\KV@toks@=\toks14
)
\FV@CodeLineNo=\count87
\FV@InFile=\read1
\FV@TabBox=\box26
\c@FancyVerbLine=\count88
\FV@StepNumber=\count89
\FV@OutFile=\write3
) ("C:\Program Files\MiKTeX 2.9\tex\latex\amsmath\amsmath.sty"
Package: amsmath 2013/01/14 v2.14 AMS math features
\@mathmargin=\skip44

For additional information on amsmath, use the `?' option.
("C:\Program Files\MiKTeX 2.9\tex\latex\amsmath\amstext.sty"
Package: amstext 2000/06/29 v2.01

("C:\Program Files\MiKTeX 2.9\tex\latex\amsmath\amsgen.sty"
File: amsgen.sty 1999/11/30 v2.0
\@emptytoks=\toks15
\ex@=\dimen103
))
("C:\Program Files\MiKTeX 2.9\tex\latex\amsmath\amsbsy.sty"
Package: amsbsy 1999/11/29 v1.2d
\pmbraise@=\dimen104
)
("C:\Program Files\MiKTeX 2.9\tex\latex\amsmath\amsopn.sty"
Package: amsopn 1999/12/14 v2.01 operator names
)
\inf@bad=\count90
LaTeX Info: Redefining \frac on input line 210.
\uproot@=\count91
\leftroot@=\count92
LaTeX Info: Redefining \overline on input line 306.
\classnum@=\count93
\DOTSCASE@=\count94
LaTeX Info: Redefining \ldots on input line 378.
LaTeX Info: Redefining \dots on input line 381.
LaTeX Info: Redefining \cdots on input line 466.
\Mathstrutbox@=\box27
\strutbox@=\box28
\big@size=\dimen105
LaTeX Font Info:    Redeclaring font encoding OML on input line 566.
LaTeX Font Info:    Redeclaring font encoding OMS on input line 567.
\macc@depth=\count95
\c@MaxMatrixCols=\count96
\dotsspace@=\muskip11
\c@parentequation=\count97
\dspbrk@lvl=\count98
\tag@help=\toks16
\row@=\count99
\column@=\count100
\maxfields@=\count101
\andhelp@=\toks17
\eqnshift@=\dimen106
\alignsep@=\dimen107
\tagshift@=\dimen108
\tagwidth@=\dimen109
\totwidth@=\dimen110
\lineht@=\dimen111
\@envbody=\toks18
\multlinegap=\skip45
\multlinetaggap=\skip46
\mathdisplay@stack=\toks19
LaTeX Info: Redefining \[ on input line 2665.
LaTeX Info: Redefining \] on input line 2666.
)
("C:\Program Files\MiKTeX 2.9\tex\latex\amsfonts\amssymb.sty"
Package: amssymb 2013/01/14 v3.01 AMS font symbols

("C:\Program Files\MiKTeX 2.9\tex\latex\amsfonts\amsfonts.sty"
Package: amsfonts 2013/01/14 v3.01 Basic AMSFonts support
\symAMSa=\mathgroup5
\symAMSb=\mathgroup6
LaTeX Font Info:    Overwriting math alphabet `\mathfrak' in version `bold'
(Font)                  U/euf/m/n --> U/euf/b/n on input line 106.
))
("C:\Program Files\MiKTeX 2.9\tex\latex\graphics\graphicx.sty"
Package: graphicx 1999/02/16 v1.0f Enhanced LaTeX Graphics (DPC,SPQR)

("C:\Program Files\MiKTeX 2.9\tex\latex\graphics\graphics.sty"
Package: graphics 2009/02/05 v1.0o Standard LaTeX Graphics (DPC,SPQR)

("C:\Program Files\MiKTeX 2.9\tex\latex\graphics\trig.sty"
Package: trig 1999/03/16 v1.09 sin cos tan (DPC)
)
("C:\Program Files\MiKTeX 2.9\tex\latex\00miktex\graphics.cfg"
File: graphics.cfg 2007/01/18 v1.5 graphics configuration of teTeX/TeXLive
)
Package graphics Info: Driver file: pdftex.def on input line 91.

("C:\Program Files\MiKTeX 2.9\tex\latex\pdftex-def\pdftex.def"
File: pdftex.def 2011/05/27 v0.06d Graphics/color for pdfTeX

("C:\Program Files\MiKTeX 2.9\tex\generic\oberdiek\infwarerr.sty"
Package: infwarerr 2010/04/08 v1.3 Providing info/warning/error messages (HO)
)
("C:\Program Files\MiKTeX 2.9\tex\generic\oberdiek\ltxcmds.sty"
Package: ltxcmds 2011/11/09 v1.22 LaTeX kernel commands for general use (HO)
)
\Gread@gobject=\count102
))
\Gin@req@height=\dimen112
\Gin@req@width=\dimen113
)
("C:\Program Files\MiKTeX 2.9\tex\latex\tools\array.sty"
Package: array 2008/09/09 v2.4c Tabular extension package (FMi)
\col@sep=\dimen114
\extrarowheight=\dimen115
\NC@list=\toks20
\extratabsurround=\skip47
\backup@length=\skip48
)
("C:\Program Files\MiKTeX 2.9\tex\latex\multirow\multirow.sty"
\bigstrutjot=\dimen116
)
("C:\Program Files\MiKTeX 2.9\tex\latex\cjk\CJK.sty"
Package: CJK 2012/05/07 4.8.3

("C:\Program Files\MiKTeX 2.9\tex\latex\cjk\mule\MULEenc.sty"
Package: MULEenc 2012/05/07 4.8.3
)
("C:\Program Files\MiKTeX 2.9\tex\latex\cjk\CJK.enc"
File: CJK.enc 2012/05/07 4.8.3
)
LaTeX Info: Redefining \selectfont on input line 755.
\CJK@indent=\box29
)
(C:\shafqat\PostDoc\SRL\Paper\EACL\eacl2014-SRL-draft3.aux)
LaTeX Font Info:    Checking defaults for OML/cmm/m/it on input line 48.
LaTeX Font Info:    ... okay on input line 48.
LaTeX Font Info:    Checking defaults for T1/cmr/m/n on input line 48.
LaTeX Font Info:    ... okay on input line 48.
LaTeX Font Info:    Checking defaults for OT1/cmr/m/n on input line 48.
LaTeX Font Info:    ... okay on input line 48.
LaTeX Font Info:    Checking defaults for OMS/cmsy/m/n on input line 48.
LaTeX Font Info:    ... okay on input line 48.
LaTeX Font Info:    Checking defaults for OMX/cmex/m/n on input line 48.
LaTeX Font Info:    ... okay on input line 48.
LaTeX Font Info:    Checking defaults for U/cmr/m/n on input line 48.
LaTeX Font Info:    ... okay on input line 48.
LaTeX Font Info:    Checking defaults for C00/song/m/n on input line 48.
LaTeX Font Info:    ... okay on input line 48.
LaTeX Font Info:    Checking defaults for C05/song/m/n on input line 48.
LaTeX Font Info:    ... okay on input line 48.
LaTeX Font Info:    Checking defaults for C09/song/m/n on input line 48.
LaTeX Font Info:    ... okay on input line 48.
LaTeX Font Info:    Checking defaults for C10/song/m/n on input line 48.
LaTeX Font Info:    ... okay on input line 48.
LaTeX Font Info:    Checking defaults for C20/song/m/n on input line 48.
LaTeX Font Info:    ... okay on input line 48.
LaTeX Font Info:    Checking defaults for C19/song/m/n on input line 48.
LaTeX Font Info:    ... okay on input line 48.
LaTeX Font Info:    Checking defaults for C40/song/m/n on input line 48.
LaTeX Font Info:    ... okay on input line 48.
LaTeX Font Info:    Checking defaults for C42/song/m/n on input line 48.
LaTeX Font Info:    ... okay on input line 48.
LaTeX Font Info:    Checking defaults for C43/song/m/n on input line 48.
LaTeX Font Info:    ... okay on input line 48.
LaTeX Font Info:    Checking defaults for C50/song/m/n on input line 48.
LaTeX Font Info:    ... okay on input line 48.
LaTeX Font Info:    Checking defaults for C52/song/m/n on input line 48.
LaTeX Font Info:    ... okay on input line 48.
LaTeX Font Info:    Checking defaults for C49/song/m/n on input line 48.
LaTeX Font Info:    ... okay on input line 48.
LaTeX Font Info:    Checking defaults for C60/mj/m/n on input line 48.
LaTeX Font Info:    ... okay on input line 48.
LaTeX Font Info:    Checking defaults for C61/mj/m/n on input line 48.
LaTeX Font Info:    ... okay on input line 48.
LaTeX Font Info:    Checking defaults for C63/mj/m/n on input line 48.
LaTeX Font Info:    ... okay on input line 48.
LaTeX Font Info:    Checking defaults for C64/mj/m/n on input line 48.
LaTeX Font Info:    ... okay on input line 48.
LaTeX Font Info:    Checking defaults for C65/mj/m/n on input line 48.
LaTeX Font Info:    ... okay on input line 48.
LaTeX Font Info:    Checking defaults for C70/song/m/n on input line 48.
LaTeX Font Info:    ... okay on input line 48.
LaTeX Font Info:    Checking defaults for C31/song/m/n on input line 48.
LaTeX Font Info:    ... okay on input line 48.
LaTeX Font Info:    Checking defaults for C32/song/m/n on input line 48.
LaTeX Font Info:    ... okay on input line 48.
LaTeX Font Info:    Checking defaults for C33/song/m/n on input line 48.
LaTeX Font Info:    ... okay on input line 48.
LaTeX Font Info:    Checking defaults for C34/song/m/n on input line 48.
LaTeX Font Info:    ... okay on input line 48.
LaTeX Font Info:    Checking defaults for C35/song/m/n on input line 48.
LaTeX Font Info:    ... okay on input line 48.
LaTeX Font Info:    Checking defaults for C36/song/m/n on input line 48.
LaTeX Font Info:    ... okay on input line 48.
LaTeX Font Info:    Checking defaults for C37/song/m/n on input line 48.
LaTeX Font Info:    ... okay on input line 48.
LaTeX Font Info:    Checking defaults for C80/song/m/n on input line 48.
LaTeX Font Info:    ... okay on input line 48.
LaTeX Font Info:    Checking defaults for C81/song/m/n on input line 48.
LaTeX Font Info:    ... okay on input line 48.
LaTeX Font Info:    Checking defaults for C01/song/m/n on input line 48.
LaTeX Font Info:    ... okay on input line 48.
LaTeX Font Info:    Checking defaults for C11/song/m/n on input line 48.
LaTeX Font Info:    ... okay on input line 48.
LaTeX Font Info:    Checking defaults for C21/song/m/n on input line 48.
LaTeX Font Info:    ... okay on input line 48.
LaTeX Font Info:    Checking defaults for C41/song/m/n on input line 48.
LaTeX Font Info:    ... okay on input line 48.
LaTeX Font Info:    Checking defaults for C62/song/m/n on input line 48.
LaTeX Font Info:    ... okay on input line 48.
LaTeX Font Info:    Try loading font information for OT1+ptm on input line 48.

("C:\Program Files\MiKTeX 2.9\tex\latex\psnfss\ot1ptm.fd"
File: ot1ptm.fd 2001/06/04 font definitions for OT1/ptm.
)
("C:\Program Files\MiKTeX 2.9\tex\context\base\supp-pdf.mkii"
[Loading MPS to PDF converter (version 2006.09.02).]
\scratchcounter=\count103
\scratchdimen=\dimen117
\scratchbox=\box30
\nofMPsegments=\count104
\nofMParguments=\count105
\everyMPshowfont=\toks21
\MPscratchCnt=\count106
\MPscratchDim=\dimen118
\MPnumerator=\count107
\makeMPintoPDFobject=\count108
\everyMPtoPDFconversion=\toks22
)
LaTeX Font Info:    Font shape `OT1/ptm/bx/n' in size <14.4> not available
(Font)              Font shape `OT1/ptm/b/n' tried instead on input line 49.
LaTeX Font Info:    Try loading font information for U+lasy on input line 49.
 ("C:\Program Files\MiKTeX 2.9\tex\latex\base\ulasy.fd"
File: ulasy.fd 1998/08/17 v2.2e LaTeX symbol font definitions
)
LaTeX Font Info:    Try loading font information for U+msa on input line 49.

("C:\Program Files\MiKTeX 2.9\tex\latex\amsfonts\umsa.fd"
File: umsa.fd 2013/01/14 v3.01 AMS symbols A
)
LaTeX Font Info:    Try loading font information for U+msb on input line 49.

("C:\Program Files\MiKTeX 2.9\tex\latex\amsfonts\umsb.fd"
File: umsb.fd 2013/01/14 v3.01 AMS symbols B
)
LaTeX Font Info:    Font shape `OT1/ptm/bx/n' in size <12> not available
(Font)              Font shape `OT1/ptm/b/n' tried instead on input line 49.
LaTeX Font Info:    Try loading font information for OT1+pcr on input line 49.

("C:\Program Files\MiKTeX 2.9\tex\latex\psnfss\ot1pcr.fd"
File: ot1pcr.fd 2001/06/04 font definitions for OT1/pcr.
)
Underfull \hbox (badness 5563) in paragraph at lines 54--55
\OT1/ptm/m/n/10.95 Over the last few years, syn-tac-tic pars-ing
 []

LaTeX Font Info:    Font shape `OT1/ptm/bx/n' in size <10.95> not available
(Font)              Font shape `OT1/ptm/b/n' tried instead on input line 61.
<./examples/example5-english-subs.png, id=1, 227.34938pt x 184.43906pt>
File: ./examples/example5-english-subs.png Graphic file (type png)

<use ./examples/example5-english-subs.png>
Package pdftex.def Info: ./examples/example5-english-subs.png used on input lin
e 65.
(pdftex.def)             Requested size: 182.0983pt x 110.96541pt.
 [1{C:/ProgramData/MiKTeX/2.9/pdftex/config/pdftex.map}



Non-PDF special ignored!

]
<./examples/ehownet-snapshot.png, id=10, 286.82156pt x 12.7978pt>
File: ./examples/ehownet-snapshot.png Graphic file (type png)

<use ./examples/ehownet-snapshot.png>
Package pdftex.def Info: ./examples/ehownet-snapshot.png used on input line 69.

(pdftex.def)             Requested size: 182.09485pt x 8.12514pt.

Underfull \hbox (badness 2617) in paragraph at lines 69--70
\OT1/ptm/m/n/10.95 E-HowNet (Chen et al., 2010) is a se-man-
 []


Underfull \hbox (badness 2165) in paragraph at lines 69--70
\OT1/ptm/m/n/10.95 a frame based entity-relation model that de-
 []


Underfull \hbox (badness 2181) in paragraph at lines 69--70
\OT1/ptm/m/n/10.95 fines re-la-tion-ships be-tween 2600 well-defined
 []


Underfull \hbox (badness 2922) in paragraph at lines 69--70
\OT1/ptm/m/n/10.95 Chi-nese words are cat-e-go-rized into dif-fer-ent
 []


Underfull \hbox (badness 1264) in paragraph at lines 69--70
\OT1/ptm/m/n/10.95 cept they rep-re-sent. For ex-am-ple, the en-try
 []


Overfull \hbox (4.29361pt too wide) in paragraph at lines 90--90
[]\OT1/pcr/m/n/10.95 if#of(h,h_pos,t,t_pos,pt,position)[] 
 []

[2 <C:/shafqat/PostDoc/SRL/Paper/EACL/examples/example5-english-subs.png> <C:/s
hafqat/PostDoc/SRL/Paper/EACL/examples/ehownet-snapshot.png>]
LaTeX Font Info:    Font shape `OT1/ptm/bx/n' in size <9> not available
(Font)              Font shape `OT1/ptm/b/n' tried instead on input line 103.

Overfull \hbox (2.49443pt too wide) in paragraph at lines 104--104
[]|[]\OT1/pcr/m/n/9 t_w_semType| 
 []


Overfull \hbox (2.49443pt too wide) in paragraph at lines 106--106
[]|[]\OT1/pcr/m/n/9 h_w_semType| 
 []


Overfull \hbox (2.49443pt too wide) in paragraph at lines 113--113
[]|[]\OT1/pcr/m/n/9 all_semType| 
 []


Underfull \hbox (badness 10000) in paragraph at lines 113--113
[]|\OT1/ptm/m/n/9 3rdPerson-
 []


Underfull \hbox (badness 10000) in paragraph at lines 113--113
\OT1/ptm/m/n/9 ShowInterest-
 []


Underfull \hbox (badness 10000) in paragraph at lines 113--114
[]|\OT1/ptm/m/n/9 3rdPerson-
 []


Underfull \hbox (badness 10000) in paragraph at lines 113--114
\OT1/ptm/m/n/9 ShowInterest-
 []


Underfull \hbox (badness 1072) in paragraph at lines 95--120
\OT1/ptm/b/n/10.95 Lexical Fea-tures: \OT1/ptm/m/n/10.95 Part of speech tag of 
the
 []


Underfull \hbox (badness 6927) in paragraph at lines 95--120
\OT1/ptm/b/n/10.95 Syn-tac-tic Fea-tures: \OT1/ptm/m/n/10.95 phrase type ([]\OT
1/pcr/m/n/10.95 pt\OT1/ptm/m/n/10.95 ), a
 []


Underfull \hbox (badness 10000) in paragraph at lines 95--120
\OT1/ptm/b/n/10.95 Se-man-tic Fea-tures: \OT1/ptm/m/n/10.95 Se-man-tic type of
 []


Underfull \hbox (badness 10000) in paragraph at lines 95--120
\OT1/ptm/m/n/10.95 the head word ex-tracted from E-HowNet
 []


Underfull \hbox (badness 1077) in paragraph at lines 121--122
\OT1/ptm/m/n/10.95 Ten prob-a-bilis-tic mod-els were built us-ing the
 []


Underfull \hbox (badness 6625) in paragraph at lines 133--134
[]|[]\OT1/pcr/m/n/9 semType_h_w\OT1/ptm/m/n/9 , []\OT1/pcr/m/n/9 h_pos\OT1/ptm/
m/n/9 , []\OT1/pcr/m/n/9 semType_t_w\OT1/ptm/m/n/9 ,
 []


Underfull \hbox (badness 10000) in paragraph at lines 133--134
[]\OT1/pcr/m/n/9 t_pos\OT1/ptm/m/n/9 , []\OT1/pcr/m/n/9 pt\OT1/ptm/m/n/9 , []\O
T1/pcr/m/n/9 position\OT1/ptm/m/n/9 , []\OT1/pcr/m/n/9 all_pos\OT1/ptm/m/n/9 ,
 []


Underfull \hbox (badness 10000) in paragraph at lines 134--135
[]|[]\OT1/pcr/m/n/9 h_pos\OT1/ptm/m/n/9 , []\OT1/pcr/m/n/9 t_w_semType\OT1/ptm/
m/n/9 , []\OT1/pcr/m/n/9 t_pos\OT1/ptm/m/n/9 , []\OT1/pcr/m/n/9 pt\OT1/ptm/m/n/
9 ,
 []


Underfull \hbox (badness 10000) in paragraph at lines 135--136
[]|[]\OT1/pcr/m/n/9 semType_h_w\OT1/ptm/m/n/9 , []\OT1/pcr/m/n/9 h_pos\OT1/ptm/
m/n/9 , []\OT1/pcr/m/n/9 t_pos\OT1/ptm/m/n/9 , []\OT1/pcr/m/n/9 pt\OT1/ptm/m/n/
9 ,
 []


Underfull \hbox (badness 2376) in paragraph at lines 136--137
[]|[]\OT1/pcr/m/n/9 semType_t_w\OT1/ptm/m/n/9 , []\OT1/pcr/m/n/9 t_pos\OT1/ptm/
m/n/9 , []\OT1/pcr/m/n/9 pt\OT1/ptm/m/n/9 , []\OT1/pcr/m/n/9 position\OT1/ptm/m
/n/9 ,
 []


Underfull \hbox (badness 10000) in paragraph at lines 137--138
[]|[]\OT1/pcr/m/n/9 semType_h_w\OT1/ptm/m/n/9 , []\OT1/pcr/m/n/9 semType_t_w\OT
1/ptm/m/n/9 , []\OT1/pcr/m/n/9 pt\OT1/ptm/m/n/9 ,
 []


LaTeX Warning: `!h' float specifier changed to `!ht'.

LaTeX Font Info:    Try loading font information for OMS+ptm on input line 152.

("C:\Program Files\MiKTeX 2.9\tex\latex\psnfss\omsptm.fd"
File: omsptm.fd 
)
LaTeX Font Info:    Font shape `OMS/ptm/m/n' in size <10.95> not available
(Font)              Font shape `OMS/cmsy/m/n' tried instead on input line 152.

Underfull \hbox (badness 10000) in paragraph at lines 170--171
[]\OT1/ptm/m/n/10.95 Return the top ranked $\OML/cmm/m/it/10.95 r$ \OT1/ptm/m/n
/10.95 from
 []

[3]
Underfull \hbox (badness 1533) in paragraph at lines 180--204
\OT1/ptm/m/n/10.95 i-cal statis-tics, though very use-ful for se-man-
 []


Underfull \hbox (badness 1681) in paragraph at lines 180--204
\OT1/ptm/m/n/10.95 tic role la-bel-ing, of-ten be-comes a source of
 []

[4] (C:\shafqat\PostDoc\SRL\Paper\EACL\eacl2014-SRL-draft3.bbl
Underfull \hbox (badness 5119) in paragraph at lines 13--20
\OT1/ptm/m/n/10 Feng-Yi Chen, Chao-Jan Chen, and Chu-Ren
 []


Underfull \hbox (badness 1303) in paragraph at lines 13--20
\OT1/ptm/m/n/10 Huang.  2003.  Sinica tree-bank: De-sign cri-
 []

) [5


] (C:\shafqat\PostDoc\SRL\Paper\EACL\eacl2014-SRL-draft3.aux) ) 
Here is how much of TeX's memory you used:
 3612 strings out of 493921
 44817 string characters out of 3147276
 113385 words of memory out of 3000000
 6834 multiletter control sequences out of 15000+200000
 30253 words of font info for 80 fonts, out of 3000000 for 9000
 841 hyphenation exceptions out of 8191
 27i,12n,26p,1101b,325s stack positions out of 5000i,500n,10000p,200000b,50000s
{C:/Program File
s/MiKTeX 2.9/fonts/enc/dvips/fontname/8r.enc}<C:/Program Files/MiKTeX 2.9/fonts
/type1/public/amsfonts/cm/cmmi10.pfb><C:/Program Files/MiKTeX 2.9/fonts/type1/p
ublic/amsfonts/cm/cmmi6.pfb><C:/Program Files/MiKTeX 2.9/fonts/type1/public/ams
fonts/cm/cmmi8.pfb><C:/Program Files/MiKTeX 2.9/fonts/type1/public/amsfonts/cm/
cmmi9.pfb><C:/Program Files/MiKTeX 2.9/fonts/type1/public/amsfonts/cm/cmr10.pfb
><C:/Program Files/MiKTeX 2.9/fonts/type1/public/amsfonts/cm/cmr8.pfb><C:/Progr
am Files/MiKTeX 2.9/fonts/type1/public/amsfonts/cm/cmsy10.pfb><C:/Program Files
/MiKTeX 2.9/fonts/type1/public/amsfonts/cm/cmsy8.pfb><C:/Program Files/MiKTeX 2
.9/fonts/type1/urw/courier/ucrr8a.pfb><C:/Program Files/MiKTeX 2.9/fonts/type1/
urw/times/utmb8a.pfb><C:/Program Files/MiKTeX 2.9/fonts/type1/urw/times/utmr8a.
pfb><C:/Program Files/MiKTeX 2.9/fonts/type1/urw/times/utmri8a.pfb>
Output written on eacl2014-SRL-draft3.pdf (5 pages, 161974 bytes).
PDF statistics:
 72 PDF objects out of 1000 (max. 8388607)
 0 named destinations out of 1000 (max. 500000)
 11 words of extra memory for PDF output out of 10000 (max. 10000000)

