This is pdfTeX, Version 3.1415926-2.4-1.40.13 (MiKTeX 2.9 64-bit) (preloaded format=pdflatex 2013.8.23)  6 JAN 2014 23:48
entering extended mode
**eacl2014-SRL-draft2.tex
(C:\shafqat\PostDoc\SRL\Paper\EACL\eacl2014-SRL-draft2.tex
LaTeX2e <2011/06/27>
Babel <v3.8m> and hyphenation patterns for english, afrikaans, ancientgreek, ar
abic, armenian, assamese, basque, bengali, bokmal, bulgarian, catalan, coptic, 
croatian, czech, danish, dutch, esperanto, estonian, farsi, finnish, french, ga
lician, german, german-x-2012-05-30, greek, gujarati, hindi, hungarian, iceland
ic, indonesian, interlingua, irish, italian, kannada, kurmanji, latin, latvian,
 lithuanian, malayalam, marathi, mongolian, mongolianlmc, monogreek, ngerman, n
german-x-2012-05-30, nynorsk, oriya, panjabi, pinyin, polish, portuguese, roman
ian, russian, sanskrit, serbian, slovak, slovenian, spanish, swedish, swissgerm
an, tamil, telugu, turkish, turkmen, ukenglish, ukrainian, uppersorbian, usengl
ishmax, welsh, loaded.
("C:\Program Files\MiKTeX 2.9\tex\latex\base\article.cls"
Document Class: article 2007/10/19 v1.4h Standard LaTeX document class
("C:\Program Files\MiKTeX 2.9\tex\latex\base\size11.clo"
File: size11.clo 2007/10/19 v1.4h Standard LaTeX file (size option)
)
\c@part=\count79
\c@section=\count80
\c@subsection=\count81
\c@subsubsection=\count82
\c@paragraph=\count83
\c@subparagraph=\count84
\c@figure=\count85
\c@table=\count86
\abovecaptionskip=\skip41
\belowcaptionskip=\skip42
\bibindent=\dimen102
)
(C:\shafqat\PostDoc\SRL\Paper\EACL\eacl2014.sty
Conference Style for EACL 2014 -- released March 18, 2013
\titlebox=\skip43
) ("C:\Program Files\MiKTeX 2.9\tex\latex\psnfss\times.sty"
Package: times 2005/04/12 PSNFSS-v9.2a (SPQR) 
)
("C:\Program Files\MiKTeX 2.9\tex\latex\ltxmisc\url.sty"
\Urlmuskip=\muskip10
Package: url 2006/04/12  ver 3.3  Verb mode for urls, etc.
)
("C:\Program Files\MiKTeX 2.9\tex\latex\base\latexsym.sty"
Package: latexsym 1998/08/17 v2.2e Standard LaTeX package (lasy symbols)
\symlasy=\mathgroup4
LaTeX Font Info:    Overwriting symbol font `lasy' in version `bold'
(Font)                  U/lasy/m/n --> U/lasy/b/n on input line 47.
)
("C:\Program Files\MiKTeX 2.9\tex\latex\fancyvrb\fancyvrb.sty"
Package: fancyvrb 2008/02/07

Style option: `fancyvrb' v2.7a, with DG/SPQR fixes, and firstline=lastline fix 
<2008/02/07> (tvz) ("C:\Program Files\MiKTeX 2.9\tex\latex\graphics\keyval.sty"
Package: keyval 1999/03/16 v1.13 key=value parser (DPC)
\KV@toks@=\toks14
)
\FV@CodeLineNo=\count87
\FV@InFile=\read1
\FV@TabBox=\box26
\c@FancyVerbLine=\count88
\FV@StepNumber=\count89
\FV@OutFile=\write3
) ("C:\Program Files\MiKTeX 2.9\tex\latex\amsmath\amsmath.sty"
Package: amsmath 2013/01/14 v2.14 AMS math features
\@mathmargin=\skip44

For additional information on amsmath, use the `?' option.
("C:\Program Files\MiKTeX 2.9\tex\latex\amsmath\amstext.sty"
Package: amstext 2000/06/29 v2.01

("C:\Program Files\MiKTeX 2.9\tex\latex\amsmath\amsgen.sty"
File: amsgen.sty 1999/11/30 v2.0
\@emptytoks=\toks15
\ex@=\dimen103
))
("C:\Program Files\MiKTeX 2.9\tex\latex\amsmath\amsbsy.sty"
Package: amsbsy 1999/11/29 v1.2d
\pmbraise@=\dimen104
)
("C:\Program Files\MiKTeX 2.9\tex\latex\amsmath\amsopn.sty"
Package: amsopn 1999/12/14 v2.01 operator names
)
\inf@bad=\count90
LaTeX Info: Redefining \frac on input line 210.
\uproot@=\count91
\leftroot@=\count92
LaTeX Info: Redefining \overline on input line 306.
\classnum@=\count93
\DOTSCASE@=\count94
LaTeX Info: Redefining \ldots on input line 378.
LaTeX Info: Redefining \dots on input line 381.
LaTeX Info: Redefining \cdots on input line 466.
\Mathstrutbox@=\box27
\strutbox@=\box28
\big@size=\dimen105
LaTeX Font Info:    Redeclaring font encoding OML on input line 566.
LaTeX Font Info:    Redeclaring font encoding OMS on input line 567.
\macc@depth=\count95
\c@MaxMatrixCols=\count96
\dotsspace@=\muskip11
\c@parentequation=\count97
\dspbrk@lvl=\count98
\tag@help=\toks16
\row@=\count99
\column@=\count100
\maxfields@=\count101
\andhelp@=\toks17
\eqnshift@=\dimen106
\alignsep@=\dimen107
\tagshift@=\dimen108
\tagwidth@=\dimen109
\totwidth@=\dimen110
\lineht@=\dimen111
\@envbody=\toks18
\multlinegap=\skip45
\multlinetaggap=\skip46
\mathdisplay@stack=\toks19
LaTeX Info: Redefining \[ on input line 2665.
LaTeX Info: Redefining \] on input line 2666.
)
("C:\Program Files\MiKTeX 2.9\tex\latex\amsfonts\amssymb.sty"
Package: amssymb 2013/01/14 v3.01 AMS font symbols

("C:\Program Files\MiKTeX 2.9\tex\latex\amsfonts\amsfonts.sty"
Package: amsfonts 2013/01/14 v3.01 Basic AMSFonts support
\symAMSa=\mathgroup5
\symAMSb=\mathgroup6
LaTeX Font Info:    Overwriting math alphabet `\mathfrak' in version `bold'
(Font)                  U/euf/m/n --> U/euf/b/n on input line 106.
))
("C:\Program Files\MiKTeX 2.9\tex\latex\graphics\graphicx.sty"
Package: graphicx 1999/02/16 v1.0f Enhanced LaTeX Graphics (DPC,SPQR)

("C:\Program Files\MiKTeX 2.9\tex\latex\graphics\graphics.sty"
Package: graphics 2009/02/05 v1.0o Standard LaTeX Graphics (DPC,SPQR)

("C:\Program Files\MiKTeX 2.9\tex\latex\graphics\trig.sty"
Package: trig 1999/03/16 v1.09 sin cos tan (DPC)
)
("C:\Program Files\MiKTeX 2.9\tex\latex\00miktex\graphics.cfg"
File: graphics.cfg 2007/01/18 v1.5 graphics configuration of teTeX/TeXLive
)
Package graphics Info: Driver file: pdftex.def on input line 91.

("C:\Program Files\MiKTeX 2.9\tex\latex\pdftex-def\pdftex.def"
File: pdftex.def 2011/05/27 v0.06d Graphics/color for pdfTeX

("C:\Program Files\MiKTeX 2.9\tex\generic\oberdiek\infwarerr.sty"
Package: infwarerr 2010/04/08 v1.3 Providing info/warning/error messages (HO)
)
("C:\Program Files\MiKTeX 2.9\tex\generic\oberdiek\ltxcmds.sty"
Package: ltxcmds 2011/11/09 v1.22 LaTeX kernel commands for general use (HO)
)
\Gread@gobject=\count102
))
\Gin@req@height=\dimen112
\Gin@req@width=\dimen113
)
("C:\Program Files\MiKTeX 2.9\tex\latex\tools\array.sty"
Package: array 2008/09/09 v2.4c Tabular extension package (FMi)
\col@sep=\dimen114
\extrarowheight=\dimen115
\NC@list=\toks20
\extratabsurround=\skip47
\backup@length=\skip48
)
("C:\Program Files\MiKTeX 2.9\tex\latex\multirow\multirow.sty"
\bigstrutjot=\dimen116
)
("C:\Program Files\MiKTeX 2.9\tex\latex\cjk\CJK.sty"
Package: CJK 2012/05/07 4.8.3

("C:\Program Files\MiKTeX 2.9\tex\latex\cjk\mule\MULEenc.sty"
Package: MULEenc 2012/05/07 4.8.3
)
("C:\Program Files\MiKTeX 2.9\tex\latex\cjk\CJK.enc"
File: CJK.enc 2012/05/07 4.8.3
)
LaTeX Info: Redefining \selectfont on input line 755.
\CJK@indent=\box29
)
(C:\shafqat\PostDoc\SRL\Paper\EACL\eacl2014-SRL-draft2.aux)
LaTeX Font Info:    Checking defaults for OML/cmm/m/it on input line 48.
LaTeX Font Info:    ... okay on input line 48.
LaTeX Font Info:    Checking defaults for T1/cmr/m/n on input line 48.
LaTeX Font Info:    ... okay on input line 48.
LaTeX Font Info:    Checking defaults for OT1/cmr/m/n on input line 48.
LaTeX Font Info:    ... okay on input line 48.
LaTeX Font Info:    Checking defaults for OMS/cmsy/m/n on input line 48.
LaTeX Font Info:    ... okay on input line 48.
LaTeX Font Info:    Checking defaults for OMX/cmex/m/n on input line 48.
LaTeX Font Info:    ... okay on input line 48.
LaTeX Font Info:    Checking defaults for U/cmr/m/n on input line 48.
LaTeX Font Info:    ... okay on input line 48.
LaTeX Font Info:    Checking defaults for C00/song/m/n on input line 48.
LaTeX Font Info:    ... okay on input line 48.
LaTeX Font Info:    Checking defaults for C05/song/m/n on input line 48.
LaTeX Font Info:    ... okay on input line 48.
LaTeX Font Info:    Checking defaults for C09/song/m/n on input line 48.
LaTeX Font Info:    ... okay on input line 48.
LaTeX Font Info:    Checking defaults for C10/song/m/n on input line 48.
LaTeX Font Info:    ... okay on input line 48.
LaTeX Font Info:    Checking defaults for C20/song/m/n on input line 48.
LaTeX Font Info:    ... okay on input line 48.
LaTeX Font Info:    Checking defaults for C19/song/m/n on input line 48.
LaTeX Font Info:    ... okay on input line 48.
LaTeX Font Info:    Checking defaults for C40/song/m/n on input line 48.
LaTeX Font Info:    ... okay on input line 48.
LaTeX Font Info:    Checking defaults for C42/song/m/n on input line 48.
LaTeX Font Info:    ... okay on input line 48.
LaTeX Font Info:    Checking defaults for C43/song/m/n on input line 48.
LaTeX Font Info:    ... okay on input line 48.
LaTeX Font Info:    Checking defaults for C50/song/m/n on input line 48.
LaTeX Font Info:    ... okay on input line 48.
LaTeX Font Info:    Checking defaults for C52/song/m/n on input line 48.
LaTeX Font Info:    ... okay on input line 48.
LaTeX Font Info:    Checking defaults for C49/song/m/n on input line 48.
LaTeX Font Info:    ... okay on input line 48.
LaTeX Font Info:    Checking defaults for C60/mj/m/n on input line 48.
LaTeX Font Info:    ... okay on input line 48.
LaTeX Font Info:    Checking defaults for C61/mj/m/n on input line 48.
LaTeX Font Info:    ... okay on input line 48.
LaTeX Font Info:    Checking defaults for C63/mj/m/n on input line 48.
LaTeX Font Info:    ... okay on input line 48.
LaTeX Font Info:    Checking defaults for C64/mj/m/n on input line 48.
LaTeX Font Info:    ... okay on input line 48.
LaTeX Font Info:    Checking defaults for C65/mj/m/n on input line 48.
LaTeX Font Info:    ... okay on input line 48.
LaTeX Font Info:    Checking defaults for C70/song/m/n on input line 48.
LaTeX Font Info:    ... okay on input line 48.
LaTeX Font Info:    Checking defaults for C31/song/m/n on input line 48.
LaTeX Font Info:    ... okay on input line 48.
LaTeX Font Info:    Checking defaults for C32/song/m/n on input line 48.
LaTeX Font Info:    ... okay on input line 48.
LaTeX Font Info:    Checking defaults for C33/song/m/n on input line 48.
LaTeX Font Info:    ... okay on input line 48.
LaTeX Font Info:    Checking defaults for C34/song/m/n on input line 48.
LaTeX Font Info:    ... okay on input line 48.
LaTeX Font Info:    Checking defaults for C35/song/m/n on input line 48.
LaTeX Font Info:    ... okay on input line 48.
LaTeX Font Info:    Checking defaults for C36/song/m/n on input line 48.
LaTeX Font Info:    ... okay on input line 48.
LaTeX Font Info:    Checking defaults for C37/song/m/n on input line 48.
LaTeX Font Info:    ... okay on input line 48.
LaTeX Font Info:    Checking defaults for C80/song/m/n on input line 48.
LaTeX Font Info:    ... okay on input line 48.
LaTeX Font Info:    Checking defaults for C81/song/m/n on input line 48.
LaTeX Font Info:    ... okay on input line 48.
LaTeX Font Info:    Checking defaults for C01/song/m/n on input line 48.
LaTeX Font Info:    ... okay on input line 48.
LaTeX Font Info:    Checking defaults for C11/song/m/n on input line 48.
LaTeX Font Info:    ... okay on input line 48.
LaTeX Font Info:    Checking defaults for C21/song/m/n on input line 48.
LaTeX Font Info:    ... okay on input line 48.
LaTeX Font Info:    Checking defaults for C41/song/m/n on input line 48.
LaTeX Font Info:    ... okay on input line 48.
LaTeX Font Info:    Checking defaults for C62/song/m/n on input line 48.
LaTeX Font Info:    ... okay on input line 48.
LaTeX Font Info:    Try loading font information for OT1+ptm on input line 48.

("C:\Program Files\MiKTeX 2.9\tex\latex\psnfss\ot1ptm.fd"
File: ot1ptm.fd 2001/06/04 font definitions for OT1/ptm.
)
("C:\Program Files\MiKTeX 2.9\tex\context\base\supp-pdf.mkii"
[Loading MPS to PDF converter (version 2006.09.02).]
\scratchcounter=\count103
\scratchdimen=\dimen117
\scratchbox=\box30
\nofMPsegments=\count104
\nofMParguments=\count105
\everyMPshowfont=\toks21
\MPscratchCnt=\count106
\MPscratchDim=\dimen118
\MPnumerator=\count107
\makeMPintoPDFobject=\count108
\everyMPtoPDFconversion=\toks22
)
LaTeX Font Info:    Font shape `OT1/ptm/bx/n' in size <14.4> not available
(Font)              Font shape `OT1/ptm/b/n' tried instead on input line 49.
LaTeX Font Info:    Try loading font information for U+lasy on input line 49.
 ("C:\Program Files\MiKTeX 2.9\tex\latex\base\ulasy.fd"
File: ulasy.fd 1998/08/17 v2.2e LaTeX symbol font definitions
)
LaTeX Font Info:    Try loading font information for U+msa on input line 49.

("C:\Program Files\MiKTeX 2.9\tex\latex\amsfonts\umsa.fd"
File: umsa.fd 2013/01/14 v3.01 AMS symbols A
)
LaTeX Font Info:    Try loading font information for U+msb on input line 49.

("C:\Program Files\MiKTeX 2.9\tex\latex\amsfonts\umsb.fd"
File: umsb.fd 2013/01/14 v3.01 AMS symbols B
)
LaTeX Font Info:    Font shape `OT1/ptm/bx/n' in size <12> not available
(Font)              Font shape `OT1/ptm/b/n' tried instead on input line 49.
LaTeX Font Info:    Try loading font information for OT1+pcr on input line 49.

("C:\Program Files\MiKTeX 2.9\tex\latex\psnfss\ot1pcr.fd"
File: ot1pcr.fd 2001/06/04 font definitions for OT1/pcr.
)
LaTeX Font Info:    Try loading font information for OMS+ptm on input line 51.

("C:\Program Files\MiKTeX 2.9\tex\latex\psnfss\omsptm.fd"
File: omsptm.fd 
)
LaTeX Font Info:    Font shape `OMS/ptm/m/n' in size <10.95> not available
(Font)              Font shape `OMS/cmsy/m/n' tried instead on input line 51.

Underfull \hbox (badness 1237) in paragraph at lines 51--52
[]\OT1/ptm/m/n/10.95 We present a knowledge-based se-man-
 []


Underfull \hbox (badness 4634) in paragraph at lines 51--52
\OT1/ptm/m/n/10.95 tic role la-bel-ing sys-tem for Chi-nese
 []


Underfull \hbox (badness 1675) in paragraph at lines 51--52
\OT1/ptm/m/n/10.95 parsed sen-tences. Our pro-posed sys-
 []


Underfull \hbox (badness 1019) in paragraph at lines 51--52
\OT1/ptm/m/n/10.95 one from two as-pects: knowl-edge ac-
 []


Underfull \hbox (badness 1117) in paragraph at lines 51--52
\OT1/ptm/m/n/10.95 off mod-els was pro-posed for se-man-tic
 []


Underfull \hbox (badness 1325) in paragraph at lines 51--52
\OT1/ptm/m/n/10.95 spec-tively. Fur-ther per-for-mance gains
 []


Underfull \hbox (badness 5563) in paragraph at lines 54--56
\OT1/ptm/m/n/10.95 Over the last few years, syn-tac-tic pars-ing
 []

LaTeX Font Info:    Font shape `OT1/ptm/bx/n' in size <10.95> not available
(Font)              Font shape `OT1/ptm/b/n' tried instead on input line 58.
<./examples/example5.png, id=1, 303.1325pt x 245.91875pt>
File: ./examples/example5.png Graphic file (type png)

<use ./examples/example5.png>
Package pdftex.def Info: ./examples/example5.png used on input line 62.
(pdftex.def)             Requested size: 182.0983pt x 113.81068pt.


LaTeX Warning: `!h' float specifier changed to `!ht'.


LaTeX Warning: Citation `keylist' on page 1 undefined on input line 66.


Underfull \vbox (badness 4582) has occurred while \output is active []

 [1{C:/ProgramData/MiKTeX/2.9/pdftex/config/pdftex.map}



Non-PDF special ignored!

]
Underfull \hbox (badness 1005) in paragraph at lines 68--77
\OT1/ptm/m/n/10.95 Sinica Tree-bank was used to train prob-a-bilis-
 []


Underfull \hbox (badness 2401) in paragraph at lines 68--77
\OT1/ptm/m/n/10.95 tic mod-els, which, to-gether with a back-off
 []


Underfull \hbox (badness 4084) in paragraph at lines 68--77
\OT1/ptm/m/n/10.95 strat-egy, were used for se-man-tic role clas-
 []


Underfull \hbox (badness 3849) in paragraph at lines 68--77
\OT1/ptm/m/n/10.95 si-fi-ca-tion. As far fea-ture set, the sys-tem
 []


Underfull \hbox (badness 4229) in paragraph at lines 68--77
\OT1/ptm/m/n/10.95 re-lied on a num-ber of con-ven-tional lex-i-cal
 []


Underfull \hbox (badness 2221) in paragraph at lines 68--77
\OT1/ptm/m/n/10.95 (i.e. []\OT1/pcr/m/n/10.95 target word\OT1/ptm/m/n/10.95 , [
]\OT1/pcr/m/n/10.95 target word pos\OT1/ptm/m/n/10.95 ,
 []

LaTeX Font Info:    Font shape `OT1/ptm/bx/n' in size <9> not available
(Font)              Font shape `OT1/ptm/b/n' tried instead on input line 96.

Overfull \hbox (2.49443pt too wide) in paragraph at lines 97--97
[]|[]\OT1/pcr/m/n/9 t_w_semType| 
 []


Overfull \hbox (2.49443pt too wide) in paragraph at lines 99--99
[]|[]\OT1/pcr/m/n/9 h_w_semType| 
 []


Overfull \hbox (2.49443pt too wide) in paragraph at lines 106--106
[]|[]\OT1/pcr/m/n/9 all_semType| 
 []


Underfull \hbox (badness 10000) in paragraph at lines 106--106
[]|\OT1/ptm/m/n/9 3rdPerson-
 []


Underfull \hbox (badness 10000) in paragraph at lines 106--106
\OT1/ptm/m/n/9 ShowInterest-
 []


Underfull \hbox (badness 10000) in paragraph at lines 106--107
[]|\OT1/ptm/m/n/9 3rdPerson-
 []


Underfull \hbox (badness 10000) in paragraph at lines 106--107
\OT1/ptm/m/n/9 ShowInterest-
 []


Underfull \hbox (badness 1377) in paragraph at lines 79--112
[]\OT1/pcr/m/n/10.95 t_w_semType: \OT1/ptm/m/n/10.95 Se-man-tic type of the tar
-get
 []


Underfull \hbox (badness 1603) in paragraph at lines 113--136
\OT1/ptm/m/n/10.95 two lex-i-cal fea-tures (i.e. []\OT1/pcr/m/n/10.95 head word
\OT1/ptm/m/n/10.95 , and
 []

[2 <C:/shafqat/PostDoc/SRL/Paper/EACL/examples/example5.png>]
Underfull \hbox (badness 10000) in paragraph at lines 149--150
[]|[]\OT1/pcr/m/n/9 semType_h_w\OT1/ptm/m/n/9 , []\OT1/pcr/m/n/9 h_pos\OT1/ptm/
m/n/9 , []\OT1/pcr/m/n/9 semType_t_w\OT1/ptm/m/n/9 ,
 []


Underfull \hbox (badness 10000) in paragraph at lines 150--151
[]|[]\OT1/pcr/m/n/9 h_pos\OT1/ptm/m/n/9 , []\OT1/pcr/m/n/9 t_w_semType\OT1/ptm/
m/n/9 , []\OT1/pcr/m/n/9 t_pos\OT1/ptm/m/n/9 , []\OT1/pcr/m/n/9 pt\OT1/ptm/m/n/
9 ,
 []


Underfull \hbox (badness 10000) in paragraph at lines 151--152
[]|[]\OT1/pcr/m/n/9 semType_h_w\OT1/ptm/m/n/9 , []\OT1/pcr/m/n/9 h_pos\OT1/ptm/
m/n/9 , []\OT1/pcr/m/n/9 t_pos\OT1/ptm/m/n/9 , []\OT1/pcr/m/n/9 pt\OT1/ptm/m/n/
9 ,
 []


Underfull \hbox (badness 10000) in paragraph at lines 152--153
[]|[]\OT1/pcr/m/n/9 semType_t_w\OT1/ptm/m/n/9 , []\OT1/pcr/m/n/9 t_pos\OT1/ptm/
m/n/9 , []\OT1/pcr/m/n/9 pt\OT1/ptm/m/n/9 ,
 []


Underfull \hbox (badness 10000) in paragraph at lines 153--154
[]|[]\OT1/pcr/m/n/9 semType_h_w\OT1/ptm/m/n/9 , []\OT1/pcr/m/n/9 semType_t_w\OT
1/ptm/m/n/9 , []\OT1/pcr/m/n/9 pt\OT1/ptm/m/n/9 ,
 []


Underfull \hbox (badness 10000) in paragraph at lines 170--171
[]$\OML/cmm/m/it/10.95 M[]$ \OT1/ptm/m/n/10.95 be the most prob-a-ble
 []


Underfull \hbox (badness 10000) in paragraph at lines 185--186
[]\OT1/ptm/m/n/10.95 Return the top ranked $\OML/cmm/m/it/10.95 r$ \OT1/ptm/m/n
/10.95 from
 []


Underfull \hbox (badness 10000) in paragraph at lines 197--198
[]|\OT1/ptm/m/n/9 [(0.859, 'goal'), (0.107, 'theme'), (0.034,
 []


LaTeX Warning: `!h' float specifier changed to `!ht'.

[3]
Overfull \hbox (4.29361pt too wide) in paragraph at lines 231--231
[]\OT1/pcr/m/n/10.95 (0.6013, 'goal'),(0.7936, 'goal'),[] 
 []


Overfull \hbox (10.8636pt too wide) in paragraph at lines 231--231
[]\OT1/pcr/m/n/10.95 (0.1528, 'agent'),(0.0764, 'goal'),[] 
 []

[4] (C:\shafqat\PostDoc\SRL\Paper\EACL\eacl2014-SRL-draft2.bbl
Underfull \hbox (badness 5119) in paragraph at lines 13--20
\OT1/ptm/m/n/10 Feng-Yi Chen, Chao-Jan Chen, and Chu-Ren
 []


Underfull \hbox (badness 1303) in paragraph at lines 13--20
\OT1/ptm/m/n/10 Huang.  2003.  Sinica tree-bank: De-sign cri-
 []

) [5


] (C:\shafqat\PostDoc\SRL\Paper\EACL\eacl2014-SRL-draft2.aux) ) 
Here is how much of TeX's memory you used:
 3609 strings out of 493921
 44586 string characters out of 3147276
 115355 words of memory out of 3000000
 6830 multiletter control sequences out of 15000+200000
 32409 words of font info for 82 fonts, out of 3000000 for 9000
 841 hyphenation exceptions out of 8191
 27i,12n,26p,1252b,272s stack positions out of 5000i,500n,10000p,200000b,50000s
{C:/Program File
s/MiKTeX 2.9/fonts/enc/dvips/fontname/8r.enc}<C:/Program Files/MiKTeX 2.9/fonts
/type1/public/amsfonts/cm/cmmi10.pfb><C:/Program Files/MiKTeX 2.9/fonts/type1/p
ublic/amsfonts/cm/cmmi6.pfb><C:/Program Files/MiKTeX 2.9/fonts/type1/public/ams
fonts/cm/cmmi8.pfb><C:/Program Files/MiKTeX 2.9/fonts/type1/public/amsfonts/cm/
cmmi9.pfb><C:/Program Files/MiKTeX 2.9/fonts/type1/public/amsfonts/cm/cmr10.pfb
><C:/Program Files/MiKTeX 2.9/fonts/type1/public/amsfonts/cm/cmr8.pfb><C:/Progr
am Files/MiKTeX 2.9/fonts/type1/public/amsfonts/cm/cmsy10.pfb><C:/Program Files
/MiKTeX 2.9/fonts/type1/public/amsfonts/cm/cmsy8.pfb><C:/Program Files/MiKTeX 2
.9/fonts/type1/urw/courier/ucrr8a.pfb><C:/Program Files/MiKTeX 2.9/fonts/type1/
urw/times/utmb8a.pfb><C:/Program Files/MiKTeX 2.9/fonts/type1/urw/times/utmr8a.
pfb><C:/Program Files/MiKTeX 2.9/fonts/type1/urw/times/utmri8a.pfb>
Output written on eacl2014-SRL-draft2.pdf (5 pages, 158771 bytes).
PDF statistics:
 69 PDF objects out of 1000 (max. 8388607)
 0 named destinations out of 1000 (max. 500000)
 6 words of extra memory for PDF output out of 10000 (max. 10000000)

