This is pdfTeX, Version 3.1415926-2.4-1.40.13 (MiKTeX 2.9 64-bit) (preloaded format=pdflatex 2013.8.23)  7 JAN 2014 00:06
entering extended mode
**eacl2014.tex
(C:\shafqat\PostDoc\SRL\Paper\EACL\eacl2014.tex
LaTeX2e <2011/06/27>
Babel <v3.8m> and hyphenation patterns for english, afrikaans, ancientgreek, ar
abic, armenian, assamese, basque, bengali, bokmal, bulgarian, catalan, coptic, 
croatian, czech, danish, dutch, esperanto, estonian, farsi, finnish, french, ga
lician, german, german-x-2012-05-30, greek, gujarati, hindi, hungarian, iceland
ic, indonesian, interlingua, irish, italian, kannada, kurmanji, latin, latvian,
 lithuanian, malayalam, marathi, mongolian, mongolianlmc, monogreek, ngerman, n
german-x-2012-05-30, nynorsk, oriya, panjabi, pinyin, polish, portuguese, roman
ian, russian, sanskrit, serbian, slovak, slovenian, spanish, swedish, swissgerm
an, tamil, telugu, turkish, turkmen, ukenglish, ukrainian, uppersorbian, usengl
ishmax, welsh, loaded.
("C:\Program Files\MiKTeX 2.9\tex\latex\base\article.cls"
Document Class: article 2007/10/19 v1.4h Standard LaTeX document class
("C:\Program Files\MiKTeX 2.9\tex\latex\base\size11.clo"
File: size11.clo 2007/10/19 v1.4h Standard LaTeX file (size option)
)
\c@part=\count79
\c@section=\count80
\c@subsection=\count81
\c@subsubsection=\count82
\c@paragraph=\count83
\c@subparagraph=\count84
\c@figure=\count85
\c@table=\count86
\abovecaptionskip=\skip41
\belowcaptionskip=\skip42
\bibindent=\dimen102
)
(C:\shafqat\PostDoc\SRL\Paper\EACL\eacl2014.sty
Conference Style for EACL 2014 -- released March 18, 2013
\titlebox=\skip43
) ("C:\Program Files\MiKTeX 2.9\tex\latex\psnfss\times.sty"
Package: times 2005/04/12 PSNFSS-v9.2a (SPQR) 
)
("C:\Program Files\MiKTeX 2.9\tex\latex\ltxmisc\url.sty"
\Urlmuskip=\muskip10
Package: url 2006/04/12  ver 3.3  Verb mode for urls, etc.
)
("C:\Program Files\MiKTeX 2.9\tex\latex\base\latexsym.sty"
Package: latexsym 1998/08/17 v2.2e Standard LaTeX package (lasy symbols)
\symlasy=\mathgroup4
LaTeX Font Info:    Overwriting symbol font `lasy' in version `bold'
(Font)                  U/lasy/m/n --> U/lasy/b/n on input line 47.
)
(C:\shafqat\PostDoc\SRL\Paper\EACL\eacl2014.aux)
LaTeX Font Info:    Checking defaults for OML/cmm/m/it on input line 36.
LaTeX Font Info:    ... okay on input line 36.
LaTeX Font Info:    Checking defaults for T1/cmr/m/n on input line 36.
LaTeX Font Info:    ... okay on input line 36.
LaTeX Font Info:    Checking defaults for OT1/cmr/m/n on input line 36.
LaTeX Font Info:    ... okay on input line 36.
LaTeX Font Info:    Checking defaults for OMS/cmsy/m/n on input line 36.
LaTeX Font Info:    ... okay on input line 36.
LaTeX Font Info:    Checking defaults for OMX/cmex/m/n on input line 36.
LaTeX Font Info:    ... okay on input line 36.
LaTeX Font Info:    Checking defaults for U/cmr/m/n on input line 36.
LaTeX Font Info:    ... okay on input line 36.
LaTeX Font Info:    Try loading font information for OT1+ptm on input line 36.

("C:\Program Files\MiKTeX 2.9\tex\latex\psnfss\ot1ptm.fd"
File: ot1ptm.fd 2001/06/04 font definitions for OT1/ptm.
)
LaTeX Font Info:    Font shape `OT1/ptm/bx/n' in size <14.4> not available
(Font)              Font shape `OT1/ptm/b/n' tried instead on input line 37.
LaTeX Font Info:    External font `cmex10' loaded for size
(Font)              <12> on input line 37.
LaTeX Font Info:    External font `cmex10' loaded for size
(Font)              <8> on input line 37.
LaTeX Font Info:    External font `cmex10' loaded for size
(Font)              <6> on input line 37.
LaTeX Font Info:    Try loading font information for U+lasy on input line 37.

("C:\Program Files\MiKTeX 2.9\tex\latex\base\ulasy.fd"
File: ulasy.fd 1998/08/17 v2.2e LaTeX symbol font definitions
)
LaTeX Font Info:    Font shape `OT1/ptm/bx/n' in size <12> not available
(Font)              Font shape `OT1/ptm/b/n' tried instead on input line 37.
LaTeX Font Info:    Try loading font information for OT1+pcr on input line 37.

("C:\Program Files\MiKTeX 2.9\tex\latex\psnfss\ot1pcr.fd"
File: ot1pcr.fd 2001/06/04 font definitions for OT1/pcr.
)
LaTeX Font Info:    Font shape `OT1/ptm/bx/n' in size <10.95> not available
(Font)              Font shape `OT1/ptm/b/n' tried instead on input line 70.

Underfull \hbox (badness 1152) in paragraph at lines 66--75
\OT1/ptm/m/n/10.95 au-thors are re-quired to ad-here to these spec-
 []


Underfull \hbox (badness 2261) in paragraph at lines 66--75
\OT1/ptm/m/n/10.95 Portable Doc-u-ment For-mat (PDF) ver-sion of
 []


Underfull \hbox (badness 3189) in paragraph at lines 66--75
\OT1/ptm/b/n/10.95 on A4 pa-per\OT1/ptm/m/n/10.95 . Au-thors from coun-tries in

 []

LaTeX Font Info:    External font `cmex10' loaded for size
(Font)              <10.95> on input line 91.

Underfull \hbox (badness 10000) in paragraph at lines 91--106
\OT1/ptm/m/n/10.95 EACL-2014 pro-vides this de-scrip-tion in
 []


Underfull \hbox (badness 10000) in paragraph at lines 91--106
\OT1/ptm/m/n/10.95 L[]T[]X2e (\OT1/pcr/m/n/9 eacl2014.tex\OT1/ptm/m/n/10.95 ) a
nd PDF for-mat
 []


Underfull \hbox (badness 3623) in paragraph at lines 91--106
\OT1/ptm/m/n/10.95 want to use the BibT[]X ref-er-ence man-age-
 []

[1{C:/ProgramData/MiKTeX/2.9/pdftex/config/pdftex.map}



Non-PDF special ignored!

]
LaTeX Font Info:    Try loading font information for OMS+ptm on input line 156.


("C:\Program Files\MiKTeX 2.9\tex\latex\psnfss\omsptm.fd"
File: omsptm.fd 
)
LaTeX Font Info:    Font shape `OMS/ptm/m/n' in size <10.95> not available
(Font)              Font shape `OMS/cmsy/m/n' tried instead on input line 156.
 [2]

LaTeX Warning: Citation `Gusfield:97' on page 3 undefined on input line 256.


LaTeX Warning: Citation `Gusfield:97' on page 3 undefined on input line 257.


LaTeX Warning: Citation `Aho:72' on page 3 undefined on input line 259.


LaTeX Warning: Citation `Chandra:81' on page 3 undefined on input line 260.


LaTeX Warning: Citation `Gusfield:97' on page 3 undefined on input line 261.


LaTeX Warning: Citation `Aho:72' on page 3 undefined on input line 261.


LaTeX Warning: Citation `Gusfield:97' on page 3 undefined on input line 264.


LaTeX Warning: Citation `Gusfield:97' on page 3 undefined on input line 268.


LaTeX Warning: Citation `Gusfield:97' on page 3 undefined on input line 278.


LaTeX Warning: Citation `Gusfield:97' on page 3 undefined on input line 282.


LaTeX Warning: Citation `APA:83' on page 3 undefined on input line 297.


LaTeX Warning: Citation `ACM:83' on page 3 undefined on input line 300.


Underfull \hbox (badness 1152) in paragraph at lines 302--305
[]\OT1/ptm/m/n/10.95 The L[]T[]X and BibT[]X style files pro-vided
 []

LaTeX Font Info:    External font `cmex10' loaded for size
(Font)              <9> on input line 317.
LaTeX Font Info:    External font `cmex10' loaded for size
(Font)              <5> on input line 317.

Underfull \hbox (badness 1142) in paragraph at lines 323--328
\OT1/ptm/b/n/10.95 Illustrations\OT1/ptm/m/n/10.95 : Place fig-ures, ta-bles, a
nd pho-
 []

[3] (C:\shafqat\PostDoc\SRL\Paper\EACL\eacl2014.bbl

! LaTeX Error: Something's wrong--perhaps a missing \item.

See the LaTeX manual or LaTeX Companion for explanation.
Type  H <return>  for immediate help.
 ...                                              
                                                  
l.3 \end{thebibliography}
                         
Try typing  <return>  to proceed.
If that doesn't work, type  X <return>  to quit.

) [4] (C:\shafqat\PostDoc\SRL\Paper\EACL\eacl2014.aux) ) 
Here is how much of TeX's memory you used:
 501 strings out of 493921
 6492 string characters out of 3147276
 60935 words of memory out of 3000000
 3820 multiletter control sequences out of 15000+200000
 25886 words of font info for 61 fonts, out of 3000000 for 9000
 841 hyphenation exceptions out of 8191
 23i,9n,19p,189b,256s stack positions out of 5000i,500n,10000p,200000b,50000s
{C:/Program Files/MiKTe
X 2.9/fonts/enc/dvips/fontname/8r.enc}<C:/Program Files/MiKTeX 2.9/fonts/type1/
public/amsfonts/cm/cmsy10.pfb><C:/Program Files/MiKTeX 2.9/fonts/type1/urw/cour
ier/ucrr8a.pfb><C:/Program Files/MiKTeX 2.9/fonts/type1/urw/times/utmb8a.pfb><C
:/Program Files/MiKTeX 2.9/fonts/type1/urw/times/utmr8a.pfb><C:/Program Files/M
iKTeX 2.9/fonts/type1/urw/times/utmri8a.pfb>
Output written on eacl2014.pdf (4 pages, 85184 bytes).
PDF statistics:
 36 PDF objects out of 1000 (max. 8388607)
 0 named destinations out of 1000 (max. 500000)
 1 words of extra memory for PDF output out of 10000 (max. 10000000)

